Traceback (most recent call last):
  File "/opt/jupyterhub/lib/python3.10/site-packages/jupyter_cache/executors/utils.py", line 58, in single_nb_execution
    executenb(
  File "/opt/jupyterhub/lib/python3.10/site-packages/nbclient/client.py", line 1314, in execute
    return NotebookClient(nb=nb, resources=resources, km=km, **kwargs).execute()
  File "/opt/jupyterhub/lib/python3.10/site-packages/jupyter_core/utils/__init__.py", line 165, in wrapped
    return loop.run_until_complete(inner)
  File "/usr/lib/python3.10/asyncio/base_events.py", line 649, in run_until_complete
    return future.result()
  File "/opt/jupyterhub/lib/python3.10/site-packages/nbclient/client.py", line 709, in async_execute
    await self.async_execute_cell(
  File "/opt/jupyterhub/lib/python3.10/site-packages/nbclient/client.py", line 1062, in async_execute_cell
    await self._check_raise_for_error(cell, cell_index, exec_reply)
  File "/opt/jupyterhub/lib/python3.10/site-packages/nbclient/client.py", line 918, in _check_raise_for_error
    raise CellExecutionError.from_cell_and_msg(cell, exec_reply_content)
nbclient.exceptions.CellExecutionError: An error occurred while executing the following cell:
------------------
Figure 3. Pump Head vs. Flow Rate for 12V Centrifugal Pump

   Head (m)
   12 |                         â—
   11 |                      â—
   10 |                   â—
    9 |                â—
    8 |             â—
    7 |          â—
    6 |       â—
    5 |    â—
    4 | â—
    3 +--------------------------------------------------->  Flow (L/min)
         2     4     6     8    10    12    14

Caption: The pump head decreases with increasing discharge, consistent with 
centrifugal pump behavior. Data points represent measured values, and the 
solid line is a quadratic fit based on the manufacturer's performance equation. 
Head was computed using Equation (4).

------------------


[0;36m  Cell [0;32mIn[1], line 1[0;36m[0m
[0;31m    Figure 3. Pump Head vs. Flow Rate for 12V Centrifugal Pump[0m
[0m                                           ^[0m
[0;31mSyntaxError[0m[0;31m:[0m invalid decimal literal


